Feature: Create Job Opening # features/create_job_opening.feature:1
  As an HR manager
  I want to create new job openings
  So that I can start the recruitment process for positions
  @ui @job @smoke @e2e
  Scenario Outline: Create job opening and verify it appears in the list -- @1.1             # features/create_job_opening.feature:21
    Given I am logged in as a valid user                                                     # features/steps/create_job_opening_steps.py:20
    And I navigate to the Create Job Opening page                                            # features/steps/create_job_opening_steps.py:39
    When I create a job opening with "python_developer" data                                 # features/steps/create_job_opening_steps.py:52
    Then the job opening should be created successfully                                      # features/steps/create_job_opening_steps.py:82
    When I navigate to View Job Openings page                                                # features/steps/create_job_opening_steps.py:188
    Then I should see the job opening "Python Developer" in the list                         # features/steps/create_job_opening_steps.py:217
    And the job opening "Python Developer" should have status "Active"                       # features/steps/create_job_opening_steps.py:234
    When I schedule an interview for the job opening with "python_developer" candidate data  # features/steps/create_job_opening_steps.py:257
    Then the interview should be scheduled successfully                                      # features/steps/create_job_opening_steps.py:307
    And the interview invitation email should be sent to "vibhorgoyal.talenttalks@gmail.com" # features/steps/create_job_opening_steps.py:330

  @ui @job @smoke @e2e
  Scenario Outline: Create job opening and verify it appears in the list -- @1.2             # features/create_job_opening.feature:22
    Given I am logged in as a valid user                                                     # features/steps/create_job_opening_steps.py:20
    And I navigate to the Create Job Opening page                                            # features/steps/create_job_opening_steps.py:39
    When I create a job opening with "java_developer" data                                   # features/steps/create_job_opening_steps.py:52
    Then the job opening should be created successfully                                      # features/steps/create_job_opening_steps.py:82
    When I navigate to View Job Openings page                                                # features/steps/create_job_opening_steps.py:188
    Then I should see the job opening "Java Developer" in the list                           # features/steps/create_job_opening_steps.py:217
    And the job opening "Java Developer" should have status "Active"                         # features/steps/create_job_opening_steps.py:234
    When I schedule an interview for the job opening with "java_developer" candidate data    # features/steps/create_job_opening_steps.py:257
    Then the interview should be scheduled successfully                                      # features/steps/create_job_opening_steps.py:307
    And the interview invitation email should be sent to "vibhorgoyal.talenttalks@gmail.com" # features/steps/create_job_opening_steps.py:330

  @ui @job @smoke @e2e
  Scenario Outline: Create job opening and verify it appears in the list -- @1.3              # features/create_job_opening.feature:23
    Given I am logged in as a valid user                                                      # features/steps/create_job_opening_steps.py:20
    And I navigate to the Create Job Opening page                                             # features/steps/create_job_opening_steps.py:39
    When I create a job opening with "frontend_developer" data                                # features/steps/create_job_opening_steps.py:52
    Then the job opening should be created successfully                                       # features/steps/create_job_opening_steps.py:82
    When I navigate to View Job Openings page                                                 # features/steps/create_job_opening_steps.py:188
    Then I should see the job opening "Frontend Developer" in the list                        # features/steps/create_job_opening_steps.py:217
    And the job opening "Frontend Developer" should have status "Active"                      # features/steps/create_job_opening_steps.py:234
    When I schedule an interview for the job opening with "frontend_developer" candidate data # features/steps/create_job_opening_steps.py:257
    Then the interview should be scheduled successfully                                       # features/steps/create_job_opening_steps.py:307
    And the interview invitation email should be sent to "vibhorgoyal.talenttalks@gmail.com"  # features/steps/create_job_opening_steps.py:330

